  [1m[36mActiveRecord::SchemaMigration Load (5.6ms)[0m  [1m[34mSELECT `schema_migrations`.* FROM `schema_migrations`[0m
  [1m[35m (3.0ms)[0m  [1m[34mSELECT DATABASE() as db[0m
  [1m[35m (3.9ms)[0m  [1m[34mSELECT GET_LOCK('7799587110133235025', 0);[0m
  [1m[36mActiveRecord::SchemaMigration Load (3.0ms)[0m  [1m[34mSELECT `schema_migrations`.* FROM `schema_migrations`[0m
Migrating to DeviseCreateModels (20170901095841)
  [1m[35m (148.0ms)[0m  [1m[35mCREATE TABLE `models` (`id` int AUTO_INCREMENT PRIMARY KEY, `email` varchar(255) DEFAULT '' NOT NULL, `encrypted_password` varchar(255) DEFAULT '' NOT NULL, `reset_password_token` varchar(255), `reset_password_sent_at` datetime, `remember_created_at` datetime, `sign_in_count` int DEFAULT 0 NOT NULL, `current_sign_in_at` datetime, `last_sign_in_at` datetime, `current_sign_in_ip` varchar(255), `last_sign_in_ip` varchar(255), `created_at` datetime NOT NULL, `updated_at` datetime NOT NULL) ENGINE=InnoDB[0m
  [1m[35m (81.0ms)[0m  [1m[35mCREATE UNIQUE INDEX `index_models_on_email`  ON `models` (`email`) [0m
  [1m[35m (43.2ms)[0m  [1m[35mCREATE UNIQUE INDEX `index_models_on_reset_password_token`  ON `models` (`reset_password_token`) [0m
  [1m[35m (0.6ms)[0m  [1m[35mBEGIN[0m
  [1m[35mSQL (14.1ms)[0m  [1m[32mINSERT INTO `schema_migrations` (`version`) VALUES ('20170901095841')[0m
  [1m[35m (7.6ms)[0m  [1m[35mCOMMIT[0m
  [1m[36mActiveRecord::InternalMetadata Load (6.7ms)[0m  [1m[34mSELECT  `ar_internal_metadata`.* FROM `ar_internal_metadata` WHERE `ar_internal_metadata`.`key` = 'environment' LIMIT 1[0m
  [1m[35m (0.2ms)[0m  [1m[35mBEGIN[0m
  [1m[35m (0.2ms)[0m  [1m[35mCOMMIT[0m
  [1m[35m (0.2ms)[0m  [1m[34mSELECT RELEASE_LOCK('7799587110133235025')[0m
  [1m[36mActiveRecord::SchemaMigration Load (7.7ms)[0m  [1m[34mSELECT `schema_migrations`.* FROM `schema_migrations`[0m
  [1m[35m (0.9ms)[0m  [1m[35mSHOW CREATE TABLE `models`[0m
  [1m[35m (6.9ms)[0m  [1m[35mSHOW TABLE STATUS LIKE 'models'[0m
  [1m[35m (0.4ms)[0m  [1m[35mSHOW CREATE TABLE `tasks`[0m
  [1m[35m (0.8ms)[0m  [1m[35mSHOW TABLE STATUS LIKE 'tasks'[0m
  [1m[35m (0.3ms)[0m  [1m[35mSHOW CREATE TABLE `users`[0m
  [1m[35m (4.9ms)[0m  [1m[35mSHOW TABLE STATUS LIKE 'users'[0m
  [1m[35m (0.2ms)[0m  [1m[34mSELECT DATABASE() as db[0m
  [1m[35m (0.3ms)[0m  [1m[34mSELECT GET_LOCK('7799587110133235025', 0);[0m
  [1m[36mActiveRecord::SchemaMigration Load (0.4ms)[0m  [1m[34mSELECT `schema_migrations`.* FROM `schema_migrations`[0m
  [1m[36mActiveRecord::InternalMetadata Load (0.3ms)[0m  [1m[34mSELECT  `ar_internal_metadata`.* FROM `ar_internal_metadata` WHERE `ar_internal_metadata`.`key` = 'environment' LIMIT 1[0m
  [1m[35m (0.2ms)[0m  [1m[35mBEGIN[0m
  [1m[35m (0.3ms)[0m  [1m[35mCOMMIT[0m
  [1m[35m (0.2ms)[0m  [1m[34mSELECT RELEASE_LOCK('7799587110133235025')[0m
  [1m[36mActiveRecord::SchemaMigration Load (0.2ms)[0m  [1m[34mSELECT `schema_migrations`.* FROM `schema_migrations`[0m
  [1m[35m (0.2ms)[0m  [1m[35mSHOW CREATE TABLE `models`[0m
  [1m[35m (0.5ms)[0m  [1m[35mSHOW TABLE STATUS LIKE 'models'[0m
  [1m[35m (0.4ms)[0m  [1m[35mSHOW CREATE TABLE `tasks`[0m
  [1m[35m (0.5ms)[0m  [1m[35mSHOW TABLE STATUS LIKE 'tasks'[0m
  [1m[35m (0.6ms)[0m  [1m[35mSHOW CREATE TABLE `users`[0m
  [1m[35m (0.8ms)[0m  [1m[35mSHOW TABLE STATUS LIKE 'users'[0m
Started GET "/" for ::1 at 2017-09-01 15:37:09 +0530
  [1m[36mActiveRecord::SchemaMigration Load (0.7ms)[0m  [1m[34mSELECT `schema_migrations`.* FROM `schema_migrations`[0m
Processing by HomepageController#index as HTML
Completed 401 Unauthorized in 49ms (ActiveRecord: 0.0ms)


Started GET "/users/sign_in" for ::1 at 2017-09-01 15:37:11 +0530
Processing by Devise::SessionsController#new as HTML
  Rendering /Users/KoushikaPriyanka/.rvm/gems/ruby-2.2.2/gems/devise-4.2.0/app/views/devise/sessions/new.html.erb within layouts/application
  Rendered /Users/KoushikaPriyanka/.rvm/gems/ruby-2.2.2/gems/devise-4.2.0/app/views/devise/shared/_links.html.erb (3.2ms)
  Rendered /Users/KoushikaPriyanka/.rvm/gems/ruby-2.2.2/gems/devise-4.2.0/app/views/devise/sessions/new.html.erb within layouts/application (89.3ms)
Completed 200 OK in 983ms (Views: 947.3ms | ActiveRecord: 6.7ms)


Started POST "/users/sign_in" for ::1 at 2017-09-01 15:37:59 +0530
Processing by Devise::SessionsController#create as HTML
  Parameters: {"utf8"=>"✓", "authenticity_token"=>"gm7xABc2iTEisAFKonDLx/BMY4ljlnY/xR65e09k5q6bQSIylZDyJENFsuJ8YG7GxixbNKRfVv6DSMS8z05EoQ==", "user"=>{"email"=>"priya@gmail.com", "password"=>"[FILTERED]", "remember_me"=>"0"}, "commit"=>"Log in"}
  [1m[36mUser Load (21.4ms)[0m  [1m[34mSELECT  `users`.* FROM `users` WHERE `users`.`email` = 'priya@gmail.com' ORDER BY `users`.`id` ASC LIMIT 1[0m
Completed 401 Unauthorized in 119ms (ActiveRecord: 21.4ms)


Processing by Devise::SessionsController#new as HTML
  Parameters: {"utf8"=>"✓", "authenticity_token"=>"gm7xABc2iTEisAFKonDLx/BMY4ljlnY/xR65e09k5q6bQSIylZDyJENFsuJ8YG7GxixbNKRfVv6DSMS8z05EoQ==", "user"=>{"email"=>"priya@gmail.com", "password"=>"[FILTERED]", "remember_me"=>"0"}, "commit"=>"Log in"}
  Rendering /Users/KoushikaPriyanka/.rvm/gems/ruby-2.2.2/gems/devise-4.2.0/app/views/devise/sessions/new.html.erb within layouts/application
  Rendered /Users/KoushikaPriyanka/.rvm/gems/ruby-2.2.2/gems/devise-4.2.0/app/views/devise/shared/_links.html.erb (3.2ms)
  Rendered /Users/KoushikaPriyanka/.rvm/gems/ruby-2.2.2/gems/devise-4.2.0/app/views/devise/sessions/new.html.erb within layouts/application (29.4ms)
Completed 200 OK in 746ms (Views: 149.5ms | ActiveRecord: 0.0ms)


Started GET "/users/sign_up" for ::1 at 2017-09-01 15:38:08 +0530
Processing by RegistrationsController#new as HTML
  Rendering /Users/KoushikaPriyanka/.rvm/gems/ruby-2.2.2/gems/devise-4.2.0/app/views/devise/registrations/new.html.erb within layouts/application
  Rendered /Users/KoushikaPriyanka/.rvm/gems/ruby-2.2.2/gems/devise-4.2.0/app/views/devise/shared/_links.html.erb (3.5ms)
  Rendered /Users/KoushikaPriyanka/.rvm/gems/ruby-2.2.2/gems/devise-4.2.0/app/views/devise/registrations/new.html.erb within layouts/application (28.3ms)
Completed 200 OK in 139ms (Views: 125.6ms | ActiveRecord: 0.0ms)


Started POST "/users" for ::1 at 2017-09-01 15:38:24 +0530
Processing by RegistrationsController#create as HTML
  Parameters: {"utf8"=>"✓", "authenticity_token"=>"jHsv0q63JGF+Fl/WVqvGEBGb7hUPaCRHSMcwSdjnzPv3ydl5LrfmdUPzKLbDV4t3TejZPER4K+1OWnQxslMJNg==", "user"=>{"email"=>"priya@gmail.com", "password"=>"[FILTERED]", "password_confirmation"=>"[FILTERED]"}, "commit"=>"Sign up"}
  [1m[35m (0.4ms)[0m  [1m[35mBEGIN[0m
  [1m[36mUser Exists (19.7ms)[0m  [1m[34mSELECT  1 AS one FROM `users` WHERE `users`.`email` = BINARY 'priya@gmail.com' LIMIT 1[0m
  [1m[35mSQL (22.2ms)[0m  [1m[32mINSERT INTO `users` (`email`, `encrypted_password`, `created_at`, `updated_at`) VALUES ('priya@gmail.com', '$2a$11$J5FeVl1o4mkNa10MPmIxd.3/yGVsO9pbY8e66SP2F5AiR6KTfnzpi', '2017-09-01 10:08:25', '2017-09-01 10:08:25')[0m
  [1m[35m (7.0ms)[0m  [1m[35mCOMMIT[0m
Redirected to http://localhost:1994/
Completed 302 Found in 460ms (ActiveRecord: 49.3ms)


Started GET "/" for ::1 at 2017-09-01 15:38:25 +0530
Processing by HomepageController#index as HTML
Completed 401 Unauthorized in 5ms (ActiveRecord: 0.0ms)


Started GET "/users/sign_in" for ::1 at 2017-09-01 15:38:25 +0530
Processing by Devise::SessionsController#new as HTML
  Rendering /Users/KoushikaPriyanka/.rvm/gems/ruby-2.2.2/gems/devise-4.2.0/app/views/devise/sessions/new.html.erb within layouts/application
  Rendered /Users/KoushikaPriyanka/.rvm/gems/ruby-2.2.2/gems/devise-4.2.0/app/views/devise/shared/_links.html.erb (4.0ms)
  Rendered /Users/KoushikaPriyanka/.rvm/gems/ruby-2.2.2/gems/devise-4.2.0/app/views/devise/sessions/new.html.erb within layouts/application (21.2ms)
Completed 200 OK in 132ms (Views: 127.9ms | ActiveRecord: 0.0ms)


Started POST "/users/sign_in" for ::1 at 2017-09-01 15:38:52 +0530
Processing by Devise::SessionsController#create as HTML
  Parameters: {"utf8"=>"✓", "authenticity_token"=>"M1VOA8DtY8Bw/2cwMzTa8GfgzNHdzZ2M2UobhguJaDQqep0xQksY1REK1JjtJH/xUYD0bBoEvU2fHGZBi6PKOw==", "user"=>{"email"=>"priya@gmail.com", "password"=>"[FILTERED]", "remember_me"=>"0"}, "commit"=>"Log in"}
  [1m[36mUser Load (1.0ms)[0m  [1m[34mSELECT  `users`.* FROM `users` WHERE `users`.`email` = 'priya@gmail.com' ORDER BY `users`.`id` ASC LIMIT 1[0m
  [1m[35m (0.2ms)[0m  [1m[35mBEGIN[0m
  [1m[35mSQL (5.5ms)[0m  [1m[33mUPDATE `users` SET `current_sign_in_at` = '2017-09-01 10:08:52', `last_sign_in_at` = '2017-09-01 10:08:52', `current_sign_in_ip` = '::1', `last_sign_in_ip` = '::1', `sign_in_count` = 1, `updated_at` = '2017-09-01 10:08:52' WHERE `users`.`id` = 53[0m
  [1m[35m (2.2ms)[0m  [1m[35mCOMMIT[0m
Redirected to http://localhost:1994/
Completed 302 Found in 408ms (ActiveRecord: 9.0ms)


Started GET "/" for ::1 at 2017-09-01 15:38:52 +0530
Processing by HomepageController#index as HTML
  [1m[36mUser Load (0.7ms)[0m  [1m[34mSELECT  `users`.* FROM `users` WHERE `users`.`id` = 53 ORDER BY `users`.`id` ASC LIMIT 1[0m
  Rendering homepage/index.html.erb within layouts/application
  Rendered homepage/index.html.erb within layouts/application (1.0ms)
Completed 200 OK in 107ms (Views: 98.0ms | ActiveRecord: 0.7ms)


Started GET "/admin/tasks" for ::1 at 2017-09-01 15:42:24 +0530
Processing by Admin::TasksController#index as HTML
  [1m[36mUser Load (1.9ms)[0m  [1m[34mSELECT  `users`.* FROM `users` WHERE `users`.`id` = 53 ORDER BY `users`.`id` ASC LIMIT 1[0m
  Rendering admin/tasks/index.html.erb within layouts/application
  [1m[36mUser Load (0.7ms)[0m  [1m[34mSELECT `users`.* FROM `users`[0m
  [1m[35m (11.3ms)[0m  [1m[34mSELECT COUNT(*) FROM `tasks` WHERE `tasks`.`status` = 1[0m
  [1m[35m (0.4ms)[0m  [1m[34mSELECT COUNT(*) FROM `tasks` WHERE `tasks`.`status` = 2[0m
  [1m[35m (0.3ms)[0m  [1m[34mSELECT COUNT(*) FROM `tasks` WHERE `tasks`.`status` = 3[0m
  [1m[35m (0.8ms)[0m  [1m[34mSELECT COUNT(*) FROM `tasks` WHERE `tasks`.`status` = 4[0m
  [1m[35m (0.6ms)[0m  [1m[34mSELECT COUNT(*) FROM `tasks` WHERE `tasks`.`status` = 5[0m
  [1m[35m (0.4ms)[0m  [1m[34mSELECT COUNT(*) FROM `tasks` WHERE `tasks`.`status` = 6[0m
  [1m[36mTask Load (1.2ms)[0m  [1m[34mSELECT `tasks`.* FROM `tasks`[0m
  [1m[36mUser Load (3.4ms)[0m  [1m[34mSELECT `users`.* FROM `users` WHERE `users`.`id` IN (24, 3, 4, 12, 28, 38, 30, 11, 23, 17, 18, 39, 46, 7, 6, 2, 32, 14, 49, 35, 45, 44, 25, 10, 34, 21, 33, 47, 8, 48, 36, 42, 40, 5, 9, 41, 27, 20, 1, 37, 15, 43, 16, 13, 29)[0m
  Rendered admin/tasks/index.html.erb within layouts/application (268.8ms)
Completed 500 Internal Server Error in 434ms (ActiveRecord: 59.8ms)


  
ActionView::Template::Error (undefined method `email' for nil:NilClass):
    39:       <%end%>
    40:         <td><%= task.name %></td>
    41:         <td><%= task.status_name%></td>
    42:         <td><%= task.user.email%></td>
    43:         <td><%= link_to 'Show', task %></td>
    44:         <td><%= link_to 'Edit', edit_admin_task_path(task)%></td>
    45:         <td><%= link_to 'Destroy', task, method: :delete, data: { confirm: 'Are you sure?' } %></td>
  
app/views/admin/tasks/index.html.erb:42:in `block in _app_views_admin_tasks_index_html_erb__2247051702009217264_70238116288340'
app/views/admin/tasks/index.html.erb:35:in `_app_views_admin_tasks_index_html_erb__2247051702009217264_70238116288340'
  Rendering /Users/KoushikaPriyanka/.rvm/gems/ruby-2.2.2/gems/actionpack-5.0.5/lib/action_dispatch/middleware/templates/rescues/template_error.html.erb within rescues/layout
  Rendering /Users/KoushikaPriyanka/.rvm/gems/ruby-2.2.2/gems/actionpack-5.0.5/lib/action_dispatch/middleware/templates/rescues/_source.html.erb
  Rendered /Users/KoushikaPriyanka/.rvm/gems/ruby-2.2.2/gems/actionpack-5.0.5/lib/action_dispatch/middleware/templates/rescues/_source.html.erb (12.2ms)
  Rendering /Users/KoushikaPriyanka/.rvm/gems/ruby-2.2.2/gems/actionpack-5.0.5/lib/action_dispatch/middleware/templates/rescues/_trace.html.erb
  Rendered /Users/KoushikaPriyanka/.rvm/gems/ruby-2.2.2/gems/actionpack-5.0.5/lib/action_dispatch/middleware/templates/rescues/_trace.html.erb (4.1ms)
  Rendering /Users/KoushikaPriyanka/.rvm/gems/ruby-2.2.2/gems/actionpack-5.0.5/lib/action_dispatch/middleware/templates/rescues/_request_and_response.html.erb
  Rendered /Users/KoushikaPriyanka/.rvm/gems/ruby-2.2.2/gems/actionpack-5.0.5/lib/action_dispatch/middleware/templates/rescues/_request_and_response.html.erb (1.9ms)
  Rendered /Users/KoushikaPriyanka/.rvm/gems/ruby-2.2.2/gems/actionpack-5.0.5/lib/action_dispatch/middleware/templates/rescues/template_error.html.erb within rescues/layout (115.3ms)
Started GET "/admin/tasks" for ::1 at 2017-09-01 15:48:25 +0530
Processing by Admin::TasksController#index as HTML
  [1m[36mUser Load (1.8ms)[0m  [1m[34mSELECT  `users`.* FROM `users` WHERE `users`.`id` = 53 ORDER BY `users`.`id` ASC LIMIT 1[0m
  Rendering admin/tasks/index.html.erb within layouts/application
  [1m[36mUser Load (0.8ms)[0m  [1m[34mSELECT `users`.* FROM `users`[0m
  [1m[35m (1.2ms)[0m  [1m[34mSELECT COUNT(*) FROM `tasks` WHERE `tasks`.`status` = 1[0m
  [1m[35m (0.5ms)[0m  [1m[34mSELECT COUNT(*) FROM `tasks` WHERE `tasks`.`status` = 2[0m
  [1m[35m (0.5ms)[0m  [1m[34mSELECT COUNT(*) FROM `tasks` WHERE `tasks`.`status` = 3[0m
  [1m[35m (0.5ms)[0m  [1m[34mSELECT COUNT(*) FROM `tasks` WHERE `tasks`.`status` = 4[0m
  [1m[35m (0.4ms)[0m  [1m[34mSELECT COUNT(*) FROM `tasks` WHERE `tasks`.`status` = 5[0m
  [1m[35m (0.4ms)[0m  [1m[34mSELECT COUNT(*) FROM `tasks` WHERE `tasks`.`status` = 6[0m
  [1m[36mTask Load (0.5ms)[0m  [1m[34mSELECT `tasks`.* FROM `tasks`[0m
  [1m[36mUser Load (11.7ms)[0m  [1m[34mSELECT `users`.* FROM `users` WHERE `users`.`id` IN (24, 3, 4, 12, 28, 38, 30, 11, 23, 17, 18, 39, 46, 7, 6, 2, 32, 14, 49, 35, 45, 44, 25, 10, 34, 21, 33, 47, 8, 48, 36, 42, 40, 5, 9, 41, 27, 20, 1, 37, 15, 43, 16, 13, 29)[0m
  Rendered admin/tasks/index.html.erb within layouts/application (106.4ms)
Completed 500 Internal Server Error in 177ms (ActiveRecord: 18.3ms)


  
ActionView::Template::Error (undefined method `email' for nil:NilClass):
    39:       <%end%>
    40:         <td><%= task.name %></td>
    41:         <td><%= task.status_name%></td>
    42:         <td><%= task.user.email%></td>
    43:         <td><%= link_to 'Show', task %></td>
    44:         <td><%= link_to 'Edit', edit_admin_task_path(task)%></td>
    45:         <td><%= link_to 'Destroy', task, method: :delete, data: { confirm: 'Are you sure?' } %></td>
  
app/views/admin/tasks/index.html.erb:42:in `block in _app_views_admin_tasks_index_html_erb__2247051702009217264_70238172226700'
app/views/admin/tasks/index.html.erb:35:in `_app_views_admin_tasks_index_html_erb__2247051702009217264_70238172226700'
  Rendering /Users/KoushikaPriyanka/.rvm/gems/ruby-2.2.2/gems/actionpack-5.0.5/lib/action_dispatch/middleware/templates/rescues/template_error.html.erb within rescues/layout
  Rendering /Users/KoushikaPriyanka/.rvm/gems/ruby-2.2.2/gems/actionpack-5.0.5/lib/action_dispatch/middleware/templates/rescues/_source.html.erb
  Rendered /Users/KoushikaPriyanka/.rvm/gems/ruby-2.2.2/gems/actionpack-5.0.5/lib/action_dispatch/middleware/templates/rescues/_source.html.erb (13.4ms)
  Rendering /Users/KoushikaPriyanka/.rvm/gems/ruby-2.2.2/gems/actionpack-5.0.5/lib/action_dispatch/middleware/templates/rescues/_trace.html.erb
  Rendered /Users/KoushikaPriyanka/.rvm/gems/ruby-2.2.2/gems/actionpack-5.0.5/lib/action_dispatch/middleware/templates/rescues/_trace.html.erb (6.9ms)
  Rendering /Users/KoushikaPriyanka/.rvm/gems/ruby-2.2.2/gems/actionpack-5.0.5/lib/action_dispatch/middleware/templates/rescues/_request_and_response.html.erb
  Rendered /Users/KoushikaPriyanka/.rvm/gems/ruby-2.2.2/gems/actionpack-5.0.5/lib/action_dispatch/middleware/templates/rescues/_request_and_response.html.erb (2.2ms)
  Rendered /Users/KoushikaPriyanka/.rvm/gems/ruby-2.2.2/gems/actionpack-5.0.5/lib/action_dispatch/middleware/templates/rescues/template_error.html.erb within rescues/layout (120.5ms)
Started GET "/admin/tasks" for ::1 at 2017-09-01 15:48:54 +0530
Processing by Admin::TasksController#index as HTML
  [1m[36mUser Load (4.9ms)[0m  [1m[34mSELECT  `users`.* FROM `users` WHERE `users`.`id` = 53 ORDER BY `users`.`id` ASC LIMIT 1[0m
  Rendering admin/tasks/index.html.erb within layouts/application
  [1m[36mUser Load (1.3ms)[0m  [1m[34mSELECT `users`.* FROM `users`[0m
  [1m[35m (2.7ms)[0m  [1m[34mSELECT COUNT(*) FROM `tasks` WHERE `tasks`.`status` = 1[0m
  [1m[35m (1.4ms)[0m  [1m[34mSELECT COUNT(*) FROM `tasks` WHERE `tasks`.`status` = 2[0m
  [1m[35m (1.2ms)[0m  [1m[34mSELECT COUNT(*) FROM `tasks` WHERE `tasks`.`status` = 3[0m
  [1m[35m (0.7ms)[0m  [1m[34mSELECT COUNT(*) FROM `tasks` WHERE `tasks`.`status` = 4[0m
  [1m[35m (0.5ms)[0m  [1m[34mSELECT COUNT(*) FROM `tasks` WHERE `tasks`.`status` = 5[0m
  [1m[35m (0.5ms)[0m  [1m[34mSELECT COUNT(*) FROM `tasks` WHERE `tasks`.`status` = 6[0m
  [1m[36mTask Load (0.6ms)[0m  [1m[34mSELECT `tasks`.* FROM `tasks`[0m
  [1m[36mUser Load (0.6ms)[0m  [1m[34mSELECT `users`.* FROM `users` WHERE `users`.`id` IN (24, 3, 4, 12, 28, 38, 30, 11, 23, 17, 18, 39, 46, 7, 6, 2, 32, 14, 49, 35, 45, 44, 25, 10, 34, 21, 33, 47, 8, 48, 36, 42, 40, 5, 9, 41, 27, 20, 1, 37, 15, 43, 16, 13, 29)[0m
  Rendered admin/tasks/index.html.erb within layouts/application (140.5ms)
Completed 200 OK in 282ms (Views: 230.2ms | ActiveRecord: 14.4ms)


Started GET "/admin/tasks" for ::1 at 2017-09-01 15:49:00 +0530
Processing by Admin::TasksController#index as HTML
  [1m[36mUser Load (0.7ms)[0m  [1m[34mSELECT  `users`.* FROM `users` WHERE `users`.`id` = 53 ORDER BY `users`.`id` ASC LIMIT 1[0m
  Rendering admin/tasks/index.html.erb within layouts/application
  [1m[36mUser Load (0.8ms)[0m  [1m[34mSELECT `users`.* FROM `users`[0m
  [1m[35m (0.3ms)[0m  [1m[34mSELECT COUNT(*) FROM `tasks` WHERE `tasks`.`status` = 1[0m
  [1m[35m (0.4ms)[0m  [1m[34mSELECT COUNT(*) FROM `tasks` WHERE `tasks`.`status` = 2[0m
  [1m[35m (0.3ms)[0m  [1m[34mSELECT COUNT(*) FROM `tasks` WHERE `tasks`.`status` = 3[0m
  [1m[35m (0.3ms)[0m  [1m[34mSELECT COUNT(*) FROM `tasks` WHERE `tasks`.`status` = 4[0m
  [1m[35m (0.5ms)[0m  [1m[34mSELECT COUNT(*) FROM `tasks` WHERE `tasks`.`status` = 5[0m
  [1m[35m (0.3ms)[0m  [1m[34mSELECT COUNT(*) FROM `tasks` WHERE `tasks`.`status` = 6[0m
  [1m[36mTask Load (0.5ms)[0m  [1m[34mSELECT `tasks`.* FROM `tasks`[0m
  [1m[36mUser Load (0.6ms)[0m  [1m[34mSELECT `users`.* FROM `users` WHERE `users`.`id` IN (24, 3, 4, 12, 28, 38, 30, 11, 23, 17, 18, 39, 46, 7, 6, 2, 32, 14, 49, 35, 45, 44, 25, 10, 34, 21, 33, 47, 8, 48, 36, 42, 40, 5, 9, 41, 27, 20, 1, 37, 15, 43, 16, 13, 29)[0m
  Rendered admin/tasks/index.html.erb within layouts/application (77.9ms)
Completed 200 OK in 137ms (Views: 127.1ms | ActiveRecord: 4.7ms)


Started GET "/admin/tasks" for ::1 at 2017-09-01 15:58:35 +0530
Processing by Admin::TasksController#index as HTML
  [1m[36mUser Load (2.7ms)[0m  [1m[34mSELECT  `users`.* FROM `users` WHERE `users`.`id` = 53 ORDER BY `users`.`id` ASC LIMIT 1[0m
  Rendering admin/tasks/index.html.erb within layouts/application
  Rendered admin/tasks/index.html.erb within layouts/application (10.7ms)
Completed 500 Internal Server Error in 86ms (ActiveRecord: 2.7ms)


  
SyntaxError (/Users/KoushikaPriyanka/admin_user_tasks/app/views/admin/tasks/index.html.erb:84: syntax error, unexpected keyword_ensure, expecting ')'
/Users/KoushikaPriyanka/admin_user_tasks/app/views/admin/tasks/index.html.erb:86: syntax error, unexpected keyword_end, expecting ')'):
  
app/views/admin/tasks/index.html.erb:84: syntax error, unexpected keyword_ensure, expecting ')'
app/views/admin/tasks/index.html.erb:86: syntax error, unexpected keyword_end, expecting ')'
  Rendering /Users/KoushikaPriyanka/.rvm/gems/ruby-2.2.2/gems/actionpack-5.0.5/lib/action_dispatch/middleware/templates/rescues/diagnostics.html.erb within rescues/layout
  Rendering /Users/KoushikaPriyanka/.rvm/gems/ruby-2.2.2/gems/actionpack-5.0.5/lib/action_dispatch/middleware/templates/rescues/_source.html.erb
  Rendered /Users/KoushikaPriyanka/.rvm/gems/ruby-2.2.2/gems/actionpack-5.0.5/lib/action_dispatch/middleware/templates/rescues/_source.html.erb (16.7ms)
  Rendering /Users/KoushikaPriyanka/.rvm/gems/ruby-2.2.2/gems/actionpack-5.0.5/lib/action_dispatch/middleware/templates/rescues/_trace.html.erb
  Rendered /Users/KoushikaPriyanka/.rvm/gems/ruby-2.2.2/gems/actionpack-5.0.5/lib/action_dispatch/middleware/templates/rescues/_trace.html.erb (5.7ms)
  Rendering /Users/KoushikaPriyanka/.rvm/gems/ruby-2.2.2/gems/actionpack-5.0.5/lib/action_dispatch/middleware/templates/rescues/_request_and_response.html.erb
  Rendered /Users/KoushikaPriyanka/.rvm/gems/ruby-2.2.2/gems/actionpack-5.0.5/lib/action_dispatch/middleware/templates/rescues/_request_and_response.html.erb (2.2ms)
  Rendered /Users/KoushikaPriyanka/.rvm/gems/ruby-2.2.2/gems/actionpack-5.0.5/lib/action_dispatch/middleware/templates/rescues/diagnostics.html.erb within rescues/layout (177.6ms)
Started GET "/admin/tasks" for ::1 at 2017-09-01 15:59:41 +0530
Processing by Admin::TasksController#index as HTML
  [1m[36mUser Load (4.6ms)[0m  [1m[34mSELECT  `users`.* FROM `users` WHERE `users`.`id` = 53 ORDER BY `users`.`id` ASC LIMIT 1[0m
  Rendering admin/tasks/index.html.erb within layouts/application
  [1m[36mUser Load (3.2ms)[0m  [1m[34mSELECT `users`.* FROM `users`[0m
  [1m[35m (0.6ms)[0m  [1m[34mSELECT COUNT(*) FROM `tasks` WHERE `tasks`.`status` = 1[0m
  [1m[35m (0.6ms)[0m  [1m[34mSELECT COUNT(*) FROM `tasks` WHERE `tasks`.`status` = 2[0m
  [1m[35m (0.3ms)[0m  [1m[34mSELECT COUNT(*) FROM `tasks` WHERE `tasks`.`status` = 3[0m
  [1m[35m (0.5ms)[0m  [1m[34mSELECT COUNT(*) FROM `tasks` WHERE `tasks`.`status` = 4[0m
  [1m[35m (0.5ms)[0m  [1m[34mSELECT COUNT(*) FROM `tasks` WHERE `tasks`.`status` = 5[0m
  [1m[35m (0.4ms)[0m  [1m[34mSELECT COUNT(*) FROM `tasks` WHERE `tasks`.`status` = 6[0m
  [1m[36mTask Load (1.4ms)[0m  [1m[34mSELECT `tasks`.* FROM `tasks`[0m
  [1m[36mUser Load (0.9ms)[0m  [1m[34mSELECT `users`.* FROM `users` WHERE `users`.`id` IN (24, 3, 4, 12, 28, 38, 30, 11, 23, 17, 18, 39, 46, 7, 6, 2, 32, 14, 49, 35, 45, 44, 25, 10, 34, 21, 33, 47, 8, 48, 36, 42, 40, 5, 9, 41, 27, 20, 1, 37, 15, 43, 16, 13, 29)[0m
  Rendered admin/tasks/index.html.erb within layouts/application (136.9ms)
Completed 200 OK in 289ms (Views: 240.2ms | ActiveRecord: 13.1ms)


Started GET "/admin/tasks" for ::1 at 2017-09-01 16:00:10 +0530
Processing by Admin::TasksController#index as HTML
  [1m[36mUser Load (2.0ms)[0m  [1m[34mSELECT  `users`.* FROM `users` WHERE `users`.`id` = 53 ORDER BY `users`.`id` ASC LIMIT 1[0m
  Rendering admin/tasks/index.html.erb within layouts/application
  [1m[36mUser Load (0.6ms)[0m  [1m[34mSELECT `users`.* FROM `users`[0m
  [1m[35m (1.1ms)[0m  [1m[34mSELECT COUNT(*) FROM `tasks` WHERE `tasks`.`status` = 1[0m
  [1m[35m (0.6ms)[0m  [1m[34mSELECT COUNT(*) FROM `tasks` WHERE `tasks`.`status` = 2[0m
  [1m[35m (0.9ms)[0m  [1m[34mSELECT COUNT(*) FROM `tasks` WHERE `tasks`.`status` = 3[0m
  [1m[35m (0.7ms)[0m  [1m[34mSELECT COUNT(*) FROM `tasks` WHERE `tasks`.`status` = 4[0m
  [1m[35m (0.5ms)[0m  [1m[34mSELECT COUNT(*) FROM `tasks` WHERE `tasks`.`status` = 5[0m
  [1m[35m (0.5ms)[0m  [1m[34mSELECT COUNT(*) FROM `tasks` WHERE `tasks`.`status` = 6[0m
  [1m[36mTask Load (0.7ms)[0m  [1m[34mSELECT `tasks`.* FROM `tasks`[0m
  [1m[36mUser Load (0.7ms)[0m  [1m[34mSELECT `users`.* FROM `users` WHERE `users`.`id` IN (24, 3, 4, 12, 28, 38, 30, 11, 23, 17, 18, 39, 46, 7, 6, 2, 32, 14, 49, 35, 45, 44, 25, 10, 34, 21, 33, 47, 8, 48, 36, 42, 40, 5, 9, 41, 27, 20, 1, 37, 15, 43, 16, 13, 29)[0m
  Rendered admin/tasks/index.html.erb within layouts/application (201.3ms)
Completed 200 OK in 366ms (Views: 313.2ms | ActiveRecord: 8.2ms)


Started GET "/admin/tasks" for ::1 at 2017-09-01 16:01:37 +0530
Processing by Admin::TasksController#index as HTML
  [1m[36mUser Load (0.9ms)[0m  [1m[34mSELECT  `users`.* FROM `users` WHERE `users`.`id` = 53 ORDER BY `users`.`id` ASC LIMIT 1[0m
  Rendering admin/tasks/index.html.erb within layouts/application
  [1m[36mUser Load (3.9ms)[0m  [1m[34mSELECT `users`.* FROM `users`[0m
  [1m[35m (1.0ms)[0m  [1m[34mSELECT COUNT(*) FROM `tasks` WHERE `tasks`.`status` = 1[0m
  [1m[35m (2.1ms)[0m  [1m[34mSELECT COUNT(*) FROM `tasks` WHERE `tasks`.`status` = 2[0m
  [1m[35m (7.1ms)[0m  [1m[34mSELECT COUNT(*) FROM `tasks` WHERE `tasks`.`status` = 3[0m
  [1m[35m (0.7ms)[0m  [1m[34mSELECT COUNT(*) FROM `tasks` WHERE `tasks`.`status` = 4[0m
  [1m[35m (2.6ms)[0m  [1m[34mSELECT COUNT(*) FROM `tasks` WHERE `tasks`.`status` = 5[0m
  [1m[35m (0.8ms)[0m  [1m[34mSELECT COUNT(*) FROM `tasks` WHERE `tasks`.`status` = 6[0m
  [1m[36mTask Load (0.4ms)[0m  [1m[34mSELECT `tasks`.* FROM `tasks`[0m
  [1m[36mUser Load (0.7ms)[0m  [1m[34mSELECT `users`.* FROM `users` WHERE `users`.`id` IN (24, 3, 4, 12, 28, 38, 30, 11, 23, 17, 18, 39, 46, 7, 6, 2, 32, 14, 49, 35, 45, 44, 25, 10, 34, 21, 33, 47, 8, 48, 36, 42, 40, 5, 9, 41, 27, 20, 1, 37, 15, 43, 16, 13, 29)[0m
  Rendered admin/tasks/index.html.erb within layouts/application (276.0ms)
Completed 200 OK in 547ms (Views: 390.4ms | ActiveRecord: 55.5ms)


Started GET "/admin/tasks" for ::1 at 2017-09-01 16:03:14 +0530
Processing by Admin::TasksController#index as HTML
  [1m[36mUser Load (8.6ms)[0m  [1m[34mSELECT  `users`.* FROM `users` WHERE `users`.`id` = 53 ORDER BY `users`.`id` ASC LIMIT 1[0m
  Rendering admin/tasks/index.html.erb within layouts/application
  [1m[36mUser Load (1.4ms)[0m  [1m[34mSELECT `users`.* FROM `users`[0m
  [1m[35m (1.3ms)[0m  [1m[34mSELECT COUNT(*) FROM `tasks` WHERE `tasks`.`status` = 1[0m
  [1m[35m (0.8ms)[0m  [1m[34mSELECT COUNT(*) FROM `tasks` WHERE `tasks`.`status` = 2[0m
  [1m[35m (0.6ms)[0m  [1m[34mSELECT COUNT(*) FROM `tasks` WHERE `tasks`.`status` = 3[0m
  [1m[35m (0.5ms)[0m  [1m[34mSELECT COUNT(*) FROM `tasks` WHERE `tasks`.`status` = 4[0m
  [1m[35m (0.6ms)[0m  [1m[34mSELECT COUNT(*) FROM `tasks` WHERE `tasks`.`status` = 5[0m
  [1m[35m (0.4ms)[0m  [1m[34mSELECT COUNT(*) FROM `tasks` WHERE `tasks`.`status` = 6[0m
  [1m[36mTask Load (0.8ms)[0m  [1m[34mSELECT `tasks`.* FROM `tasks`[0m
  [1m[36mUser Load (1.4ms)[0m  [1m[34mSELECT `users`.* FROM `users` WHERE `users`.`id` IN (24, 3, 4, 12, 28, 38, 30, 11, 23, 17, 18, 39, 46, 7, 6, 2, 32, 14, 49, 35, 45, 44, 25, 10, 34, 21, 33, 47, 8, 48, 36, 42, 40, 5, 9, 41, 27, 20, 1, 37, 15, 43, 16, 13, 29)[0m
  Rendered admin/tasks/index.html.erb within layouts/application (245.7ms)
Completed 200 OK in 541ms (Views: 469.3ms | ActiveRecord: 16.4ms)


Started GET "/admin/tasks" for ::1 at 2017-09-01 16:04:15 +0530
Processing by Admin::TasksController#index as HTML
  [1m[36mUser Load (2.9ms)[0m  [1m[34mSELECT  `users`.* FROM `users` WHERE `users`.`id` = 53 ORDER BY `users`.`id` ASC LIMIT 1[0m
  Rendering admin/tasks/index.html.erb within layouts/application
  [1m[35m (1.9ms)[0m  [1m[34mSELECT COUNT(*) FROM `tasks` WHERE `tasks`.`status` = 1[0m
  [1m[35m (0.7ms)[0m  [1m[34mSELECT COUNT(*) FROM `tasks` WHERE `tasks`.`status` = 2[0m
  [1m[35m (0.7ms)[0m  [1m[34mSELECT COUNT(*) FROM `tasks` WHERE `tasks`.`status` = 3[0m
  [1m[35m (0.4ms)[0m  [1m[34mSELECT COUNT(*) FROM `tasks` WHERE `tasks`.`status` = 4[0m
  [1m[35m (0.7ms)[0m  [1m[34mSELECT COUNT(*) FROM `tasks` WHERE `tasks`.`status` = 5[0m
  [1m[35m (0.4ms)[0m  [1m[34mSELECT COUNT(*) FROM `tasks` WHERE `tasks`.`status` = 6[0m
  [1m[36mUser Load (1.8ms)[0m  [1m[34mSELECT `users`.* FROM `users`[0m
  [1m[36mTask Load (3.8ms)[0m  [1m[34mSELECT `tasks`.* FROM `tasks`[0m
  [1m[36mUser Load (9.6ms)[0m  [1m[34mSELECT `users`.* FROM `users` WHERE `users`.`id` IN (24, 3, 4, 12, 28, 38, 30, 11, 23, 17, 18, 39, 46, 7, 6, 2, 32, 14, 49, 35, 45, 44, 25, 10, 34, 21, 33, 47, 8, 48, 36, 42, 40, 5, 9, 41, 27, 20, 1, 37, 15, 43, 16, 13, 29)[0m
  Rendered admin/tasks/index.html.erb within layouts/application (230.0ms)
Completed 200 OK in 416ms (Views: 334.9ms | ActiveRecord: 22.8ms)


Started GET "/admin/tasks" for ::1 at 2017-09-01 16:04:37 +0530
Processing by Admin::TasksController#index as HTML
  [1m[36mUser Load (4.1ms)[0m  [1m[34mSELECT  `users`.* FROM `users` WHERE `users`.`id` = 53 ORDER BY `users`.`id` ASC LIMIT 1[0m
  Rendering admin/tasks/index.html.erb within layouts/application
  [1m[35m (0.4ms)[0m  [1m[34mSELECT COUNT(*) FROM `tasks` WHERE `tasks`.`status` = 1[0m
  [1m[35m (2.4ms)[0m  [1m[34mSELECT COUNT(*) FROM `tasks` WHERE `tasks`.`status` = 2[0m
  [1m[35m (1.0ms)[0m  [1m[34mSELECT COUNT(*) FROM `tasks` WHERE `tasks`.`status` = 3[0m
  [1m[35m (0.3ms)[0m  [1m[34mSELECT COUNT(*) FROM `tasks` WHERE `tasks`.`status` = 4[0m
  [1m[35m (0.3ms)[0m  [1m[34mSELECT COUNT(*) FROM `tasks` WHERE `tasks`.`status` = 5[0m
  [1m[35m (0.9ms)[0m  [1m[34mSELECT COUNT(*) FROM `tasks` WHERE `tasks`.`status` = 6[0m
  [1m[36mUser Load (0.8ms)[0m  [1m[34mSELECT `users`.* FROM `users`[0m
  [1m[36mTask Load (0.6ms)[0m  [1m[34mSELECT `tasks`.* FROM `tasks`[0m
  [1m[36mUser Load (0.9ms)[0m  [1m[34mSELECT `users`.* FROM `users` WHERE `users`.`id` IN (24, 3, 4, 12, 28, 38, 30, 11, 23, 17, 18, 39, 46, 7, 6, 2, 32, 14, 49, 35, 45, 44, 25, 10, 34, 21, 33, 47, 8, 48, 36, 42, 40, 5, 9, 41, 27, 20, 1, 37, 15, 43, 16, 13, 29)[0m
  Rendered admin/tasks/index.html.erb within layouts/application (183.4ms)
Completed 200 OK in 314ms (Views: 258.3ms | ActiveRecord: 11.7ms)


Started GET "/admin/tasks" for ::1 at 2017-09-01 16:04:51 +0530
Processing by Admin::TasksController#index as HTML
  [1m[36mUser Load (4.1ms)[0m  [1m[34mSELECT  `users`.* FROM `users` WHERE `users`.`id` = 53 ORDER BY `users`.`id` ASC LIMIT 1[0m
  Rendering admin/tasks/index.html.erb within layouts/application
  [1m[35m (2.8ms)[0m  [1m[34mSELECT COUNT(*) FROM `tasks` WHERE `tasks`.`status` = 1[0m
  [1m[35m (3.1ms)[0m  [1m[34mSELECT COUNT(*) FROM `tasks` WHERE `tasks`.`status` = 2[0m
  [1m[35m (0.9ms)[0m  [1m[34mSELECT COUNT(*) FROM `tasks` WHERE `tasks`.`status` = 3[0m
  [1m[35m (1.2ms)[0m  [1m[34mSELECT COUNT(*) FROM `tasks` WHERE `tasks`.`status` = 4[0m
  [1m[35m (0.3ms)[0m  [1m[34mSELECT COUNT(*) FROM `tasks` WHERE `tasks`.`status` = 5[0m
  [1m[35m (0.3ms)[0m  [1m[34mSELECT COUNT(*) FROM `tasks` WHERE `tasks`.`status` = 6[0m
  [1m[36mUser Load (0.5ms)[0m  [1m[34mSELECT `users`.* FROM `users`[0m
  [1m[36mTask Load (1.6ms)[0m  [1m[34mSELECT `tasks`.* FROM `tasks`[0m
  [1m[36mUser Load (0.6ms)[0m  [1m[34mSELECT `users`.* FROM `users` WHERE `users`.`id` IN (24, 3, 4, 12, 28, 38, 30, 11, 23, 17, 18, 39, 46, 7, 6, 2, 32, 14, 49, 35, 45, 44, 25, 10, 34, 21, 33, 47, 8, 48, 36, 42, 40, 5, 9, 41, 27, 20, 1, 37, 15, 43, 16, 13, 29)[0m
  Rendered admin/tasks/index.html.erb within layouts/application (108.7ms)
Completed 200 OK in 185ms (Views: 160.3ms | ActiveRecord: 15.5ms)


Started GET "/admin/tasks" for ::1 at 2017-09-01 17:51:18 +0530
Processing by Admin::TasksController#index as HTML
  [1m[36mUser Load (31.6ms)[0m  [1m[34mSELECT  `users`.* FROM `users` WHERE `users`.`id` = 53 ORDER BY `users`.`id` ASC LIMIT 1[0m
  Rendering admin/tasks/index.html.erb within layouts/application
  [1m[35m (5.5ms)[0m  [1m[34mSELECT COUNT(*) FROM `tasks` WHERE `tasks`.`status` = 1[0m
  [1m[35m (5.8ms)[0m  [1m[34mSELECT COUNT(*) FROM `tasks` WHERE `tasks`.`status` = 2[0m
  [1m[35m (5.8ms)[0m  [1m[34mSELECT COUNT(*) FROM `tasks` WHERE `tasks`.`status` = 3[0m
  [1m[35m (14.8ms)[0m  [1m[34mSELECT COUNT(*) FROM `tasks` WHERE `tasks`.`status` = 4[0m
  [1m[35m (0.4ms)[0m  [1m[34mSELECT COUNT(*) FROM `tasks` WHERE `tasks`.`status` = 5[0m
  [1m[35m (2.6ms)[0m  [1m[34mSELECT COUNT(*) FROM `tasks` WHERE `tasks`.`status` = 6[0m
  [1m[36mUser Load (0.6ms)[0m  [1m[34mSELECT `users`.* FROM `users`[0m
  [1m[36mTask Load (0.5ms)[0m  [1m[34mSELECT `tasks`.* FROM `tasks`[0m
  [1m[36mUser Load (3.8ms)[0m  [1m[34mSELECT `users`.* FROM `users` WHERE `users`.`id` IN (24, 3, 4, 12, 28, 38, 30, 11, 23, 17, 18, 39, 46, 7, 6, 2, 32, 14, 49, 35, 45, 44, 25, 10, 34, 21, 33, 47, 8, 48, 36, 42, 40, 5, 9, 41, 27, 20, 1, 37, 15, 43, 16, 13, 29)[0m
  Rendered admin/tasks/index.html.erb within layouts/application (1160.8ms)
Completed 200 OK in 1600ms (Views: 1269.5ms | ActiveRecord: 71.6ms)


Started GET "/admin/tasks" for ::1 at 2017-09-01 17:51:46 +0530
Processing by Admin::TasksController#index as HTML
  [1m[36mUser Load (6.1ms)[0m  [1m[34mSELECT  `users`.* FROM `users` WHERE `users`.`id` = 53 ORDER BY `users`.`id` ASC LIMIT 1[0m
  Rendering admin/tasks/index.html.erb within layouts/application
  [1m[35m (2.0ms)[0m  [1m[34mSELECT COUNT(*) FROM `tasks` WHERE `tasks`.`status` = 1[0m
  [1m[35m (0.5ms)[0m  [1m[34mSELECT COUNT(*) FROM `tasks` WHERE `tasks`.`status` = 2[0m
  [1m[35m (0.8ms)[0m  [1m[34mSELECT COUNT(*) FROM `tasks` WHERE `tasks`.`status` = 3[0m
  [1m[35m (0.5ms)[0m  [1m[34mSELECT COUNT(*) FROM `tasks` WHERE `tasks`.`status` = 4[0m
  [1m[35m (0.5ms)[0m  [1m[34mSELECT COUNT(*) FROM `tasks` WHERE `tasks`.`status` = 5[0m
  [1m[35m (0.6ms)[0m  [1m[34mSELECT COUNT(*) FROM `tasks` WHERE `tasks`.`status` = 6[0m
  [1m[36mUser Load (1.5ms)[0m  [1m[34mSELECT `users`.* FROM `users`[0m
  [1m[36mTask Load (0.5ms)[0m  [1m[34mSELECT `tasks`.* FROM `tasks`[0m
  [1m[36mUser Load (0.8ms)[0m  [1m[34mSELECT `users`.* FROM `users` WHERE `users`.`id` IN (24, 3, 4, 12, 28, 38, 30, 11, 23, 17, 18, 39, 46, 7, 6, 2, 32, 14, 49, 35, 45, 44, 25, 10, 34, 21, 33, 47, 8, 48, 36, 42, 40, 5, 9, 41, 27, 20, 1, 37, 15, 43, 16, 13, 29)[0m
  Rendered admin/tasks/index.html.erb within layouts/application (413.0ms)
Completed 200 OK in 740ms (Views: 540.4ms | ActiveRecord: 13.9ms)


Started GET "/admin/tasks" for ::1 at 2017-09-01 17:52:05 +0530
Processing by Admin::TasksController#index as HTML
  [1m[36mUser Load (5.0ms)[0m  [1m[34mSELECT  `users`.* FROM `users` WHERE `users`.`id` = 53 ORDER BY `users`.`id` ASC LIMIT 1[0m
  Rendering admin/tasks/index.html.erb within layouts/application
  [1m[35m (1.9ms)[0m  [1m[34mSELECT COUNT(*) FROM `tasks` WHERE `tasks`.`status` = 1[0m
  [1m[35m (0.9ms)[0m  [1m[34mSELECT COUNT(*) FROM `tasks` WHERE `tasks`.`status` = 2[0m
  [1m[35m (1.2ms)[0m  [1m[34mSELECT COUNT(*) FROM `tasks` WHERE `tasks`.`status` = 3[0m
  [1m[35m (0.6ms)[0m  [1m[34mSELECT COUNT(*) FROM `tasks` WHERE `tasks`.`status` = 4[0m
  [1m[35m (0.6ms)[0m  [1m[34mSELECT COUNT(*) FROM `tasks` WHERE `tasks`.`status` = 5[0m
  [1m[35m (2.8ms)[0m  [1m[34mSELECT COUNT(*) FROM `tasks` WHERE `tasks`.`status` = 6[0m
  [1m[36mCACHE (0.0ms)[0m  [1m[34mSELECT COUNT(*) FROM `tasks` WHERE `tasks`.`status` = 1[0m  [["status", 1]]
  [1m[36mCACHE (0.0ms)[0m  [1m[34mSELECT COUNT(*) FROM `tasks` WHERE `tasks`.`status` = 2[0m  [["status", 2]]
  [1m[36mCACHE (0.0ms)[0m  [1m[34mSELECT COUNT(*) FROM `tasks` WHERE `tasks`.`status` = 3[0m  [["status", 3]]
  [1m[36mCACHE (0.0ms)[0m  [1m[34mSELECT COUNT(*) FROM `tasks` WHERE `tasks`.`status` = 4[0m  [["status", 4]]
  [1m[36mCACHE (0.0ms)[0m  [1m[34mSELECT COUNT(*) FROM `tasks` WHERE `tasks`.`status` = 5[0m  [["status", 5]]
  [1m[36mCACHE (0.0ms)[0m  [1m[34mSELECT COUNT(*) FROM `tasks` WHERE `tasks`.`status` = 6[0m  [["status", 6]]
  [1m[36mUser Load (0.8ms)[0m  [1m[34mSELECT `users`.* FROM `users`[0m
  [1m[36mTask Load (0.8ms)[0m  [1m[34mSELECT `tasks`.* FROM `tasks`[0m
  [1m[36mUser Load (1.5ms)[0m  [1m[34mSELECT `users`.* FROM `users` WHERE `users`.`id` IN (24, 3, 4, 12, 28, 38, 30, 11, 23, 17, 18, 39, 46, 7, 6, 2, 32, 14, 49, 35, 45, 44, 25, 10, 34, 21, 33, 47, 8, 48, 36, 42, 40, 5, 9, 41, 27, 20, 1, 37, 15, 43, 16, 13, 29)[0m
  Rendered admin/tasks/index.html.erb within layouts/application (323.5ms)
Completed 200 OK in 519ms (Views: 420.1ms | ActiveRecord: 16.2ms)


Started GET "/admin/tasks" for ::1 at 2017-09-01 17:52:47 +0530
Processing by Admin::TasksController#index as HTML
  [1m[36mUser Load (1.7ms)[0m  [1m[34mSELECT  `users`.* FROM `users` WHERE `users`.`id` = 53 ORDER BY `users`.`id` ASC LIMIT 1[0m
  Rendering admin/tasks/index.html.erb within layouts/application
  [1m[35m (0.7ms)[0m  [1m[34mSELECT COUNT(*) FROM `tasks` WHERE `tasks`.`status` = 1[0m
  [1m[35m (0.3ms)[0m  [1m[34mSELECT COUNT(*) FROM `tasks` WHERE `tasks`.`status` = 2[0m
  [1m[35m (0.3ms)[0m  [1m[34mSELECT COUNT(*) FROM `tasks` WHERE `tasks`.`status` = 3[0m
  [1m[35m (0.4ms)[0m  [1m[34mSELECT COUNT(*) FROM `tasks` WHERE `tasks`.`status` = 4[0m
  [1m[35m (0.7ms)[0m  [1m[34mSELECT COUNT(*) FROM `tasks` WHERE `tasks`.`status` = 5[0m
  [1m[35m (0.5ms)[0m  [1m[34mSELECT COUNT(*) FROM `tasks` WHERE `tasks`.`status` = 6[0m
  [1m[36mCACHE (0.0ms)[0m  [1m[34mSELECT COUNT(*) FROM `tasks` WHERE `tasks`.`status` = 1[0m  [["status", 1]]
  [1m[36mCACHE (0.0ms)[0m  [1m[34mSELECT COUNT(*) FROM `tasks` WHERE `tasks`.`status` = 2[0m  [["status", 2]]
  [1m[36mCACHE (0.0ms)[0m  [1m[34mSELECT COUNT(*) FROM `tasks` WHERE `tasks`.`status` = 3[0m  [["status", 3]]
  [1m[36mCACHE (0.0ms)[0m  [1m[34mSELECT COUNT(*) FROM `tasks` WHERE `tasks`.`status` = 4[0m  [["status", 4]]
  [1m[36mCACHE (0.1ms)[0m  [1m[34mSELECT COUNT(*) FROM `tasks` WHERE `tasks`.`status` = 5[0m  [["status", 5]]
  [1m[36mCACHE (0.0ms)[0m  [1m[34mSELECT COUNT(*) FROM `tasks` WHERE `tasks`.`status` = 6[0m  [["status", 6]]
  [1m[36mUser Load (7.0ms)[0m  [1m[34mSELECT `users`.* FROM `users`[0m
  [1m[36mTask Load (1.9ms)[0m  [1m[34mSELECT `tasks`.* FROM `tasks`[0m
  [1m[36mUser Load (7.5ms)[0m  [1m[34mSELECT `users`.* FROM `users` WHERE `users`.`id` IN (24, 3, 4, 12, 28, 38, 30, 11, 23, 17, 18, 39, 46, 7, 6, 2, 32, 14, 49, 35, 45, 44, 25, 10, 34, 21, 33, 47, 8, 48, 36, 42, 40, 5, 9, 41, 27, 20, 1, 37, 15, 43, 16, 13, 29)[0m
  Rendered admin/tasks/index.html.erb within layouts/application (316.5ms)
Completed 200 OK in 963ms (Views: 875.6ms | ActiveRecord: 21.2ms)


Started GET "/admin/tasks" for ::1 at 2017-09-01 17:53:29 +0530
Processing by Admin::TasksController#index as HTML
  [1m[36mUser Load (2.4ms)[0m  [1m[34mSELECT  `users`.* FROM `users` WHERE `users`.`id` = 53 ORDER BY `users`.`id` ASC LIMIT 1[0m
  Rendering admin/tasks/index.html.erb within layouts/application
  [1m[35m (1.0ms)[0m  [1m[34mSELECT COUNT(*) FROM `tasks` WHERE `tasks`.`status` = 1[0m
  [1m[35m (0.7ms)[0m  [1m[34mSELECT COUNT(*) FROM `tasks` WHERE `tasks`.`status` = 2[0m
  [1m[35m (0.4ms)[0m  [1m[34mSELECT COUNT(*) FROM `tasks` WHERE `tasks`.`status` = 3[0m
  [1m[35m (0.3ms)[0m  [1m[34mSELECT COUNT(*) FROM `tasks` WHERE `tasks`.`status` = 4[0m
  [1m[35m (0.3ms)[0m  [1m[34mSELECT COUNT(*) FROM `tasks` WHERE `tasks`.`status` = 5[0m
  [1m[35m (2.3ms)[0m  [1m[34mSELECT COUNT(*) FROM `tasks` WHERE `tasks`.`status` = 6[0m
  [1m[36mUser Load (0.6ms)[0m  [1m[34mSELECT `users`.* FROM `users`[0m
  [1m[36mTask Load (0.8ms)[0m  [1m[34mSELECT `tasks`.* FROM `tasks`[0m
  [1m[36mUser Load (1.4ms)[0m  [1m[34mSELECT `users`.* FROM `users` WHERE `users`.`id` IN (24, 3, 4, 12, 28, 38, 30, 11, 23, 17, 18, 39, 46, 7, 6, 2, 32, 14, 49, 35, 45, 44, 25, 10, 34, 21, 33, 47, 8, 48, 36, 42, 40, 5, 9, 41, 27, 20, 1, 37, 15, 43, 16, 13, 29)[0m
  Rendered admin/tasks/index.html.erb within layouts/application (233.3ms)
Completed 200 OK in 463ms (Views: 404.0ms | ActiveRecord: 10.5ms)


Started GET "/admin/tasks" for ::1 at 2017-09-01 17:55:05 +0530
Processing by Admin::TasksController#index as HTML
  [1m[36mUser Load (1.2ms)[0m  [1m[34mSELECT  `users`.* FROM `users` WHERE `users`.`id` = 53 ORDER BY `users`.`id` ASC LIMIT 1[0m
  Rendering admin/tasks/index.html.erb within layouts/application
  [1m[35m (3.1ms)[0m  [1m[34mSELECT COUNT(*) FROM `tasks` WHERE `tasks`.`status` = 1[0m
  [1m[35m (0.5ms)[0m  [1m[34mSELECT COUNT(*) FROM `tasks` WHERE `tasks`.`status` = 2[0m
  [1m[35m (0.5ms)[0m  [1m[34mSELECT COUNT(*) FROM `tasks` WHERE `tasks`.`status` = 3[0m
  [1m[35m (0.8ms)[0m  [1m[34mSELECT COUNT(*) FROM `tasks` WHERE `tasks`.`status` = 4[0m
  [1m[35m (0.5ms)[0m  [1m[34mSELECT COUNT(*) FROM `tasks` WHERE `tasks`.`status` = 5[0m
  [1m[35m (0.8ms)[0m  [1m[34mSELECT COUNT(*) FROM `tasks` WHERE `tasks`.`status` = 6[0m
  [1m[36mUser Load (3.0ms)[0m  [1m[34mSELECT `users`.* FROM `users`[0m
  [1m[36mTask Load (0.8ms)[0m  [1m[34mSELECT `tasks`.* FROM `tasks`[0m
  [1m[36mUser Load (4.3ms)[0m  [1m[34mSELECT `users`.* FROM `users` WHERE `users`.`id` IN (24, 3, 4, 12, 28, 38, 30, 11, 23, 17, 18, 39, 46, 7, 6, 2, 32, 14, 49, 35, 45, 44, 25, 10, 34, 21, 33, 47, 8, 48, 36, 42, 40, 5, 9, 41, 27, 20, 1, 37, 15, 43, 16, 13, 29)[0m
  Rendered admin/tasks/index.html.erb within layouts/application (348.8ms)
Completed 200 OK in 676ms (Views: 593.7ms | ActiveRecord: 15.6ms)


Started PUT "/admin/tasks/assign_users" for ::1 at 2017-09-01 17:55:30 +0530
Processing by Admin::TasksController#assign_users as HTML
  Parameters: {"utf8"=>"✓", "authenticity_token"=>"ltseMBVxzv07ZzkGbGlJrBEi0wlzqhPrh/U8k4b7AzGTKVjNHhqj7yfmqm40RWG7xa6K1qxGd/f4l8Jm38gCvg==", "task"=>{"user_id"=>"7", "task_id"=>"1,2"}, "commit"=>"Assign Task"}
  [1m[36mUser Load (10.5ms)[0m  [1m[34mSELECT  `users`.* FROM `users` WHERE `users`.`id` = 53 ORDER BY `users`.`id` ASC LIMIT 1[0m
  [1m[35mSQL (50.8ms)[0m  [1m[33mUPDATE `tasks` SET user_id = 7 WHERE `tasks`.`id` IN (1, 2)[0m
Redirected to http://localhost:1994/admin/tasks
Completed 302 Found in 131ms (ActiveRecord: 61.3ms)


Started GET "/admin/tasks" for ::1 at 2017-09-01 17:55:30 +0530
Processing by Admin::TasksController#index as HTML
  [1m[36mUser Load (0.9ms)[0m  [1m[34mSELECT  `users`.* FROM `users` WHERE `users`.`id` = 53 ORDER BY `users`.`id` ASC LIMIT 1[0m
  Rendering admin/tasks/index.html.erb within layouts/application
  [1m[35m (1.0ms)[0m  [1m[34mSELECT COUNT(*) FROM `tasks` WHERE `tasks`.`status` = 1[0m
  [1m[35m (1.0ms)[0m  [1m[34mSELECT COUNT(*) FROM `tasks` WHERE `tasks`.`status` = 2[0m
  [1m[35m (0.8ms)[0m  [1m[34mSELECT COUNT(*) FROM `tasks` WHERE `tasks`.`status` = 3[0m
  [1m[35m (0.4ms)[0m  [1m[34mSELECT COUNT(*) FROM `tasks` WHERE `tasks`.`status` = 4[0m
  [1m[35m (0.4ms)[0m  [1m[34mSELECT COUNT(*) FROM `tasks` WHERE `tasks`.`status` = 5[0m
  [1m[35m (0.7ms)[0m  [1m[34mSELECT COUNT(*) FROM `tasks` WHERE `tasks`.`status` = 6[0m
  [1m[36mUser Load (0.6ms)[0m  [1m[34mSELECT `users`.* FROM `users`[0m
  [1m[36mTask Load (0.5ms)[0m  [1m[34mSELECT `tasks`.* FROM `tasks`[0m
  [1m[36mUser Load (3.5ms)[0m  [1m[34mSELECT `users`.* FROM `users` WHERE `users`.`id` IN (7, 4, 12, 28, 38, 30, 11, 24, 23, 17, 18, 39, 46, 6, 2, 32, 14, 49, 35, 45, 44, 25, 10, 34, 21, 33, 3, 47, 8, 48, 36, 42, 40, 5, 9, 41, 27, 20, 1, 37, 15, 43, 16, 13, 29)[0m
  Rendered admin/tasks/index.html.erb within layouts/application (176.8ms)
Completed 200 OK in 339ms (Views: 318.1ms | ActiveRecord: 9.8ms)


